# JRE version: OpenJDK Runtime Environment (Zulu11.29+11-CA) (11.0.2+9) (build 11.0.2+9-LTS)
# Java VM: OpenJDK 64-Bit Server VM (11.0.2+9-LTS, mixed mode, tiered, compressed oops, g1 gc, windows-amd64)
Heap:
 garbage-first heap   total 155648K, used 18330K [0x0000000082800000, 0x0000000100000000)
  region size 1024K, 10 young (10240K), 10 survivors (10240K)
 Metaspace       used 34247K, capacity 34990K, committed 35248K, reserved 1081344K
  class space    used 3706K, capacity 3998K, committed 4096K, reserved 1048576K
GC Heap History (9 events):
Event: 1.218 GC heap before
{Heap before GC invocations=0 (full 0):
 garbage-first heap   total 129024K, used 23552K [0x0000000082800000, 0x0000000100000000)
  region size 1024K, 24 young (24576K), 0 survivors (0K)
 Metaspace       used 12166K, capacity 12374K, committed 12672K, reserved 1060864K
  class space    used 1251K, capacity 1315K, committed 1408K, reserved 1048576K
}
Event: 1.235 GC heap after
{Heap after GC invocations=1 (full 0):
 garbage-first heap   total 129024K, used 3632K [0x0000000082800000, 0x0000000100000000)
  region size 1024K, 3 young (3072K), 3 survivors (3072K)
 Metaspace       used 12166K, capacity 12374K, committed 12672K, reserved 1060864K
  class space    used 1251K, capacity 1315K, committed 1408K, reserved 1048576K
}
Event: 3.919 GC heap before
{Heap before GC invocations=1 (full 0):
 garbage-first heap   total 129024K, used 77360K [0x0000000082800000, 0x0000000100000000)
  region size 1024K, 75 young (76800K), 3 survivors (3072K)
 Metaspace       used 20648K, capacity 21075K, committed 21296K, reserved 1069056K
  class space    used 2236K, capacity 2323K, committed 2432K, reserved 1048576K
}
Event: 3.939 GC heap after
{Heap after GC invocations=2 (full 0):
 garbage-first heap   total 129024K, used 8342K [0x0000000082800000, 0x0000000100000000)
  region size 1024K, 8 young (8192K), 8 survivors (8192K)
 Metaspace       used 20648K, capacity 21075K, committed 21296K, reserved 1069056K
  class space    used 2236K, capacity 2323K, committed 2432K, reserved 1048576K
}
Event: 4.126 GC heap before
{Heap before GC invocations=2 (full 0):
 garbage-first heap   total 129024K, used 15510K [0x0000000082800000, 0x0000000100000000)
  region size 1024K, 16 young (16384K), 8 survivors (8192K)
 Metaspace       used 20734K, capacity 21171K, committed 21296K, reserved 1069056K
  class space    used 2238K, capacity 2355K, committed 2432K, reserved 1048576K
}
Event: 4.148 GC heap after
{Heap after GC invocations=3 (full 0):
 garbage-first heap   total 129024K, used 9288K [0x0000000082800000, 0x0000000100000000)
  region size 1024K, 6 young (6144K), 6 survivors (6144K)
 Metaspace       used 20734K, capacity 21171K, committed 21296K, reserved 1069056K
  class space    used 2238K, capacity 2355K, committed 2432K, reserved 1048576K
}
Event: 6.128 GC heap before
{Heap before GC invocations=4 (full 0):
 garbage-first heap   total 129024K, used 75848K [0x0000000082800000, 0x0000000100000000)
  region size 1024K, 71 young (72704K), 6 survivors (6144K)
 Metaspace       used 23162K, capacity 23681K, committed 23984K, reserved 1071104K
  class space    used 2518K, capacity 2700K, committed 2816K, reserved 1048576K
}
Event: 6.144 GC heap after
{Heap after GC invocations=5 (full 0):
 garbage-first heap   total 129024K, used 12242K [0x0000000082800000, 0x0000000100000000)
  region size 1024K, 4 young (4096K), 4 survivors (4096K)
 Metaspace       used 23162K, capacity 23681K, committed 23984K, reserved 1071104K
  class space    used 2518K, capacity 2700K, committed 2816K, reserved 1048576K
}
Event: 8.929 GC heap before
{Heap before GC invocations=5 (full 0):
 garbage-first heap   total 129024K, used 84946K [0x0000000082800000, 0x0000000100000000)
  region size 1024K, 75 young (76800K), 4 survivors (4096K)
 Metaspace       used 34247K, capacity 34990K, committed 35248K, reserved 1081344K
  class space    used 3706K, capacity 3998K, committed 4096K, reserved 1048576K
}

