# JRE version: OpenJDK Runtime Environment (Zulu11.29+11-CA) (11.0.2+9) (build 11.0.2+9-LTS)
# Java VM: OpenJDK 64-Bit Server VM (11.0.2+9-LTS, mixed mode, tiered, compressed oops, g1 gc, windows-amd64)
Heap:
 garbage-first heap   total 155648K, used 23992K [0x0000000082800000, 0x0000000100000000)
  region size 1024K, 17 young (17408K), 10 survivors (10240K)
 Metaspace       used 34575K, capacity 35437K, committed 35504K, reserved 1081344K
  class space    used 3721K, capacity 4039K, committed 4096K, reserved 1048576K
GC Heap History (10 events):
Event: 1.607 GC heap before
{Heap before GC invocations=0 (full 0):
 garbage-first heap   total 129024K, used 23552K [0x0000000082800000, 0x0000000100000000)
  region size 1024K, 24 young (24576K), 0 survivors (0K)
 Metaspace       used 12166K, capacity 12374K, committed 12672K, reserved 1060864K
  class space    used 1250K, capacity 1315K, committed 1408K, reserved 1048576K
}
Event: 1.617 GC heap after
{Heap after GC invocations=1 (full 0):
 garbage-first heap   total 129024K, used 3529K [0x0000000082800000, 0x0000000100000000)
  region size 1024K, 3 young (3072K), 3 survivors (3072K)
 Metaspace       used 12166K, capacity 12374K, committed 12672K, reserved 1060864K
  class space    used 1250K, capacity 1315K, committed 1408K, reserved 1048576K
}
Event: 4.667 GC heap before
{Heap before GC invocations=1 (full 0):
 garbage-first heap   total 129024K, used 76233K [0x0000000082800000, 0x0000000100000000)
  region size 1024K, 75 young (76800K), 3 survivors (3072K)
 Metaspace       used 20658K, capacity 21075K, committed 21296K, reserved 1069056K
  class space    used 2237K, capacity 2323K, committed 2432K, reserved 1048576K
}
Event: 4.687 GC heap after
{Heap after GC invocations=2 (full 0):
 garbage-first heap   total 129024K, used 8293K [0x0000000082800000, 0x0000000100000000)
  region size 1024K, 8 young (8192K), 8 survivors (8192K)
 Metaspace       used 20658K, capacity 21075K, committed 21296K, reserved 1069056K
  class space    used 2237K, capacity 2323K, committed 2432K, reserved 1048576K
}
Event: 4.857 GC heap before
{Heap before GC invocations=2 (full 0):
 garbage-first heap   total 129024K, used 14437K [0x0000000082800000, 0x0000000100000000)
  region size 1024K, 15 young (15360K), 8 survivors (8192K)
 Metaspace       used 20728K, capacity 21171K, committed 21296K, reserved 1069056K
  class space    used 2239K, capacity 2355K, committed 2432K, reserved 1048576K
}
Event: 4.876 GC heap after
{Heap after GC invocations=3 (full 0):
 garbage-first heap   total 129024K, used 8806K [0x0000000082800000, 0x0000000100000000)
  region size 1024K, 6 young (6144K), 6 survivors (6144K)
 Metaspace       used 20728K, capacity 21171K, committed 21296K, reserved 1069056K
  class space    used 2239K, capacity 2355K, committed 2432K, reserved 1048576K
}
Event: 6.762 GC heap before
{Heap before GC invocations=4 (full 0):
 garbage-first heap   total 129024K, used 75366K [0x0000000082800000, 0x0000000100000000)
  region size 1024K, 71 young (72704K), 6 survivors (6144K)
 Metaspace       used 23160K, capacity 23681K, committed 23984K, reserved 1071104K
  class space    used 2519K, capacity 2700K, committed 2816K, reserved 1048576K
}
Event: 6.778 GC heap after
{Heap after GC invocations=5 (full 0):
 garbage-first heap   total 129024K, used 12393K [0x0000000082800000, 0x0000000100000000)
  region size 1024K, 5 young (5120K), 5 survivors (5120K)
 Metaspace       used 23160K, capacity 23681K, committed 23984K, reserved 1071104K
  class space    used 2519K, capacity 2700K, committed 2816K, reserved 1048576K
}
Event: 11.240 GC heap before
{Heap before GC invocations=5 (full 0):
 garbage-first heap   total 129024K, used 84073K [0x0000000082800000, 0x0000000100000000)
  region size 1024K, 75 young (76800K), 5 survivors (5120K)
 Metaspace       used 34454K, capacity 35249K, committed 35504K, reserved 1081344K
  class space    used 3708K, capacity 3998K, committed 4096K, reserved 1048576K
}
Event: 11.266 GC heap after
{Heap after GC invocations=6 (full 0):
 garbage-first heap   total 155648K, used 17848K [0x0000000082800000, 0x0000000100000000)
  region size 1024K, 10 young (10240K), 10 survivors (10240K)
 Metaspace       used 34454K, capacity 35249K, committed 35504K, reserved 1081344K
  class space    used 3708K, capacity 3998K, committed 4096K, reserved 1048576K
}

